2025-04-15 11:50:04,822 - 
Distribuição de Labels:
2025-04-15 11:50:04,822 - O: 86251 (96.73%
2025-04-15 11:50:04,822 - B-PESSOA: 759 (0.85%
2025-04-15 11:50:04,822 - B-PRODUTODELEI: 401 (0.45%
2025-04-15 11:50:04,822 - I-PESSOA: 311 (0.35%
2025-04-15 11:50:04,822 - B-ORGANIZACAO: 307 (0.34%
2025-04-15 11:50:04,822 - I-FUNDAMENTO: 285 (0.32%
2025-04-15 11:50:04,822 - I-PRODUTODELEI: 223 (0.25%
2025-04-15 11:50:04,822 - B-LOCAL: 145 (0.16%
2025-04-15 11:50:04,822 - I-ORGANIZACAO: 130 (0.15%
2025-04-15 11:50:04,822 - B-FUNDAMENTO: 128 (0.14%
2025-04-15 11:50:04,822 - B-EVENTO: 78 (0.09%
2025-04-15 11:50:04,822 - I-EVENTO: 76 (0.09%
2025-04-15 11:50:04,822 - I-LOCAL: 32 (0.04%
2025-04-15 11:50:04,822 - B-DATA: 27 (0.03%
2025-04-15 11:50:04,822 - I-DATA: 18 (0.02%
2025-04-15 11:50:08,356 - 
=== Fold 1/5 ===
2025-04-15 11:50:13,633 - Erro crítico: CUDA error: device-side assert triggered
Compile with `TORCH_USE_CUDA_DSA` to enable device-side assertions.

2025-04-15 16:53:31,062 - 
Distribuição de Labels:
2025-04-15 16:53:31,062 - O: 86251 (96.73%
2025-04-15 16:53:31,062 - B-PESSOA: 759 (0.85%
2025-04-15 16:53:31,062 - B-PRODUTODELEI: 401 (0.45%
2025-04-15 16:53:31,062 - I-PESSOA: 311 (0.35%
2025-04-15 16:53:31,062 - B-ORGANIZACAO: 307 (0.34%
2025-04-15 16:53:31,062 - I-FUNDAMENTO: 285 (0.32%
2025-04-15 16:53:31,062 - I-PRODUTODELEI: 223 (0.25%
2025-04-15 16:53:31,062 - B-LOCAL: 145 (0.16%
2025-04-15 16:53:31,062 - I-ORGANIZACAO: 130 (0.15%
2025-04-15 16:53:31,062 - B-FUNDAMENTO: 128 (0.14%
2025-04-15 16:53:31,062 - B-EVENTO: 78 (0.09%
2025-04-15 16:53:31,062 - I-EVENTO: 76 (0.09%
2025-04-15 16:53:31,062 - I-LOCAL: 32 (0.04%
2025-04-15 16:53:31,062 - B-DATA: 27 (0.03%
2025-04-15 16:53:31,062 - I-DATA: 18 (0.02%
2025-04-15 16:53:34,592 - 
=== Fold 1/5 ===
2025-04-15 16:53:38,816 - Erro crítico: CUDA error: device-side assert triggered
Compile with `TORCH_USE_CUDA_DSA` to enable device-side assertions.

2025-04-15 17:03:35,724 - 
Distribuição de Labels:
2025-04-15 17:03:35,724 - O: 86251 (96.73%
2025-04-15 17:03:35,724 - B-PESSOA: 759 (0.85%
2025-04-15 17:03:35,724 - B-PRODUTODELEI: 401 (0.45%
2025-04-15 17:03:35,724 - I-PESSOA: 311 (0.35%
2025-04-15 17:03:35,724 - B-ORGANIZACAO: 307 (0.34%
2025-04-15 17:03:35,724 - I-FUNDAMENTO: 285 (0.32%
2025-04-15 17:03:35,724 - I-PRODUTODELEI: 223 (0.25%
2025-04-15 17:03:35,725 - B-LOCAL: 145 (0.16%
2025-04-15 17:03:35,725 - I-ORGANIZACAO: 130 (0.15%
2025-04-15 17:03:35,725 - B-FUNDAMENTO: 128 (0.14%
2025-04-15 17:03:35,725 - B-EVENTO: 78 (0.09%
2025-04-15 17:03:35,725 - I-EVENTO: 76 (0.09%
2025-04-15 17:03:35,725 - I-LOCAL: 32 (0.04%
2025-04-15 17:03:35,725 - B-DATA: 27 (0.03%
2025-04-15 17:03:35,725 - I-DATA: 18 (0.02%
2025-04-15 17:03:39,129 - 
=== Fold 1/5 ===
2025-04-15 17:03:42,834 - Erro crítico: CUDA error: device-side assert triggered
Compile with `TORCH_USE_CUDA_DSA` to enable device-side assertions.

2025-04-15 17:07:59,216 - 
Distribuição de Labels:
2025-04-15 17:07:59,216 - O: 86251 (96.73%
2025-04-15 17:07:59,216 - B-PESSOA: 759 (0.85%
2025-04-15 17:07:59,216 - B-PRODUTODELEI: 401 (0.45%
2025-04-15 17:07:59,216 - I-PESSOA: 311 (0.35%
2025-04-15 17:07:59,216 - B-ORGANIZACAO: 307 (0.34%
2025-04-15 17:07:59,216 - I-FUNDAMENTO: 285 (0.32%
2025-04-15 17:07:59,216 - I-PRODUTODELEI: 223 (0.25%
2025-04-15 17:07:59,216 - B-LOCAL: 145 (0.16%
2025-04-15 17:07:59,216 - I-ORGANIZACAO: 130 (0.15%
2025-04-15 17:07:59,216 - B-FUNDAMENTO: 128 (0.14%
2025-04-15 17:07:59,216 - B-EVENTO: 78 (0.09%
2025-04-15 17:07:59,216 - I-EVENTO: 76 (0.09%
2025-04-15 17:07:59,216 - I-LOCAL: 32 (0.04%
2025-04-15 17:07:59,216 - B-DATA: 27 (0.03%
2025-04-15 17:07:59,216 - I-DATA: 18 (0.02%
2025-04-15 17:08:02,751 - 
=== Fold 1/5 ===
2025-04-15 17:08:06,943 - Erro crítico: CUDA error: device-side assert triggered
Compile with `TORCH_USE_CUDA_DSA` to enable device-side assertions.

2025-04-15 17:56:21,869 - 
Distribuição de Labels:
2025-04-15 17:56:21,869 - O: 86251 (96.73%
2025-04-15 17:56:21,869 - B-PESSOA: 759 (0.85%
2025-04-15 17:56:21,869 - B-PRODUTODELEI: 401 (0.45%
2025-04-15 17:56:21,869 - I-PESSOA: 311 (0.35%
2025-04-15 17:56:21,869 - B-ORGANIZACAO: 307 (0.34%
2025-04-15 17:56:21,869 - I-FUNDAMENTO: 285 (0.32%
2025-04-15 17:56:21,869 - I-PRODUTODELEI: 223 (0.25%
2025-04-15 17:56:21,869 - B-LOCAL: 145 (0.16%
2025-04-15 17:56:21,869 - I-ORGANIZACAO: 130 (0.15%
2025-04-15 17:56:21,869 - B-FUNDAMENTO: 128 (0.14%
2025-04-15 17:56:21,869 - B-EVENTO: 78 (0.09%
2025-04-15 17:56:21,869 - I-EVENTO: 76 (0.09%
2025-04-15 17:56:21,869 - I-LOCAL: 32 (0.04%
2025-04-15 17:56:21,869 - B-DATA: 27 (0.03%
2025-04-15 17:56:21,869 - I-DATA: 18 (0.02%
2025-04-15 17:56:26,020 - 
=== Fold 1/5 ===
2025-04-15 17:56:53,432 - Época 1: Loss 1309.0404 | Val F1 0.0000
2025-04-15 17:57:17,199 - Época 2: Loss 1204.0253 | Val F1 0.2718
2025-04-15 17:57:41,005 - Época 3: Loss 1196.9455 | Val F1 0.2730
2025-04-15 17:58:07,210 - Época 4: Loss 1192.4588 | Val F1 0.2600
2025-04-15 17:58:29,463 - Época 5: Loss 1189.0940 | Val F1 0.2600
2025-04-15 17:58:51,635 - Época 6: Loss 1186.0520 | Val F1 0.2619
2025-04-15 17:58:56,167 - Resultado Fold 1:
2025-04-15 17:58:56,168 - F1-Score: 0.2730
2025-04-15 17:58:56,168 -               precision    recall  f1-score   support

        DATA       0.00      0.00      0.00         2
      EVENTO       0.03      0.06      0.04        16
  FUNDAMENTO       0.12      0.28      0.16        18
       LOCAL       0.50      0.58      0.54        24
 ORGANIZACAO       0.05      0.09      0.06        43
        PAD]       0.00      0.00      0.00         0
      PESSOA       0.32      0.44      0.37       118
PRODUTODELEI       0.25      0.38      0.30        81

   micro avg       0.22      0.35      0.27       302
   macro avg       0.16      0.23      0.18       302
weighted avg       0.25      0.35      0.29       302

2025-04-15 17:58:56,588 - 
=== Fold 2/5 ===
2025-04-15 17:59:21,679 - Época 1: Loss 1295.1651 | Val F1 0.0000
2025-04-15 17:59:43,888 - Época 2: Loss 1204.2915 | Val F1 0.2617
2025-04-15 18:00:06,653 - Época 3: Loss 1197.4367 | Val F1 0.2634
2025-04-15 18:00:30,554 - Época 4: Loss 1193.5873 | Val F1 0.2632
2025-04-15 18:00:52,968 - Época 5: Loss 1190.3974 | Val F1 0.2483
2025-04-15 18:01:15,309 - Época 6: Loss 1187.8957 | Val F1 0.2652
2025-04-15 18:01:39,064 - Época 7: Loss 1185.7698 | Val F1 0.2576
2025-04-15 18:02:01,604 - Época 8: Loss 1183.8651 | Val F1 0.2497
2025-04-15 18:02:24,102 - Época 9: Loss 1182.5626 | Val F1 0.2449
2025-04-15 18:02:28,689 - Resultado Fold 2:
2025-04-15 18:02:28,690 - F1-Score: 0.2652
2025-04-15 18:02:28,690 -               precision    recall  f1-score   support

        DATA       0.08      0.33      0.12         3
      EVENTO       0.02      0.05      0.03        19
  FUNDAMENTO       0.05      0.13      0.08        23
       LOCAL       0.38      0.67      0.48        18
 ORGANIZACAO       0.10      0.16      0.13        67
      PESSOA       0.31      0.47      0.37       112
PRODUTODELEI       0.30      0.44      0.36        63

   micro avg       0.21      0.36      0.27       305
   macro avg       0.18      0.32      0.22       305
weighted avg       0.23      0.36      0.28       305

2025-04-15 18:02:29,122 - 
=== Fold 3/5 ===
2025-04-15 18:02:54,989 - Época 1: Loss 1307.2159 | Val F1 0.0000
2025-04-15 18:03:17,466 - Época 2: Loss 1204.2698 | Val F1 0.3231
2025-04-15 18:03:40,288 - Época 3: Loss 1197.6224 | Val F1 0.3356
2025-04-15 18:04:04,317 - Época 4: Loss 1193.2768 | Val F1 0.3159
2025-04-15 18:04:26,843 - Época 5: Loss 1189.8235 | Val F1 0.3282
2025-04-15 18:04:49,490 - Época 6: Loss 1186.6183 | Val F1 0.3117
2025-04-15 18:04:54,056 - Resultado Fold 3:
2025-04-15 18:04:54,056 - F1-Score: 0.3356
2025-04-15 18:04:54,056 -               precision    recall  f1-score   support

        DATA       0.00      0.00      0.00         8
      EVENTO       0.00      0.00      0.00         7
  FUNDAMENTO       0.10      0.16      0.12        31
       LOCAL       0.60      0.68      0.64        22
 ORGANIZACAO       0.19      0.24      0.21        37
      PESSOA       0.31      0.45      0.37       128
PRODUTODELEI       0.36      0.52      0.43        67

   micro avg       0.29      0.40      0.34       300
   macro avg       0.22      0.29      0.25       300
weighted avg       0.29      0.40      0.34       300

2025-04-15 18:04:54,483 - 
=== Fold 4/5 ===
2025-04-15 18:05:19,678 - Época 1: Loss 1277.0322 | Val F1 0.0000
2025-04-15 18:05:42,341 - Época 2: Loss 1191.6509 | Val F1 0.2435
2025-04-15 18:06:06,134 - Época 3: Loss 1184.8780 | Val F1 0.2626
2025-04-15 18:06:31,240 - Época 4: Loss 1180.4947 | Val F1 0.2434
2025-04-15 18:06:54,976 - Época 5: Loss 1177.1403 | Val F1 0.2773
2025-04-15 18:07:20,209 - Época 6: Loss 1174.4745 | Val F1 0.2695
2025-04-15 18:07:43,922 - Época 7: Loss 1172.3420 | Val F1 0.2547
2025-04-15 18:08:07,529 - Época 8: Loss 1170.4143 | Val F1 0.2593
2025-04-15 18:08:12,433 - Resultado Fold 4:
2025-04-15 18:08:12,433 - F1-Score: 0.2773
2025-04-15 18:08:12,433 -               precision    recall  f1-score   support

        DATA       0.06      0.50      0.11         4
      EVENTO       0.02      0.07      0.03        15
  FUNDAMENTO       0.08      0.21      0.12        19
       LOCAL       0.47      0.55      0.51        38
 ORGANIZACAO       0.11      0.19      0.14        53
        PAD]       0.00      0.00      0.00         0
      PESSOA       0.34      0.47      0.39       122
PRODUTODELEI       0.24      0.39      0.30        57

   micro avg       0.22      0.38      0.28       308
   macro avg       0.17      0.30      0.20       308
weighted avg       0.26      0.38      0.31       308

2025-04-15 18:08:12,864 - 
=== Fold 5/5 ===
2025-04-15 18:08:39,781 - Época 1: Loss 1278.6849 | Val F1 0.0000
2025-04-15 18:09:03,455 - Época 2: Loss 1178.6651 | Val F1 0.3294
2025-04-15 18:09:27,982 - Época 3: Loss 1171.9234 | Val F1 0.3324
2025-04-15 18:09:52,992 - Época 4: Loss 1167.7512 | Val F1 0.3313
2025-04-15 18:10:16,662 - Época 5: Loss 1164.3204 | Val F1 0.3288
2025-04-15 18:10:40,285 - Época 6: Loss 1161.4808 | Val F1 0.3501
2025-04-15 18:11:04,146 - Época 7: Loss 1159.0607 | Val F1 0.3202
2025-04-15 18:11:26,376 - Época 8: Loss 1157.4850 | Val F1 0.3396
2025-04-15 18:11:48,576 - Época 9: Loss 1155.7186 | Val F1 0.3051
2025-04-15 18:11:53,082 - Resultado Fold 5:
2025-04-15 18:11:53,083 - F1-Score: 0.3501
2025-04-15 18:11:53,083 -               precision    recall  f1-score   support

        DATA       0.00      0.00      0.00         5
      EVENTO       0.00      0.00      0.00        11
  FUNDAMENTO       0.15      0.25      0.19        16
       LOCAL       0.43      0.81      0.57        16
 ORGANIZACAO       0.19      0.29      0.23        45
        PAD]       0.00      0.00      0.00         0
      PESSOA       0.38      0.56      0.45       133
PRODUTODELEI       0.29      0.52      0.37        67

   micro avg       0.28      0.47      0.35       293
   macro avg       0.18      0.30      0.23       293
weighted avg       0.30      0.47      0.37       293

2025-04-15 18:11:53,504 - 
=== Resultados Finais ===
2025-04-15 18:11:53,504 - F1 Médio: 0.3002
2025-04-15 18:11:53,505 - Desvio Padrão: 0.0353
2025-04-15 18:11:53,505 - Resultados por Fold: [np.float64(0.273), np.float64(0.2652), np.float64(0.3356), np.float64(0.2773), np.float64(0.3501)]
2025-04-15 18:11:53,505 - Erro crítico: Object of type mappingproxy is not JSON serializable
